#
# There is insufficient memory for the Java Runtime Environment to continue.
# Native memory allocation (mmap) failed to map 16777216 bytes for Failed to commit area from 0x00000000c5500000 to 0x00000000c6500000 of length 16777216.
# Possible reasons:
#   The system is out of physical RAM or swap space
#   The process is running with CompressedOops enabled, and the Java Heap may be blocking the growth of the native heap
# Possible solutions:
#   Reduce memory load on the system
#   Increase physical memory or swap space
#   Check if swap backing store is full
#   Decrease Java heap size (-Xmx/-Xms)
#   Decrease number of Java threads
#   Decrease Java thread stack sizes (-Xss)
#   Set larger code cache with -XX:ReservedCodeCacheSize=
#   JVM is running with Unscaled Compressed Oops mode in which the Java heap is
#     placed in the first 4GB address space. The Java Heap base address is the
#     maximum limit for the native heap growth. Please use -XX:HeapBaseMinAddress
#     to set the Java Heap base and to place the Java Heap above 4GB virtual address.
# This output file may be truncated or incomplete.
#
#  Out of Memory Error (./open/src/hotspot/os/windows/os_windows.cpp:3273), pid=4376, tid=6744
#
# JRE version: Java(TM) SE Runtime Environment 18.9 (11.0.12+8) (build 11.0.12+8-LTS-237)
# Java VM: Java HotSpot(TM) 64-Bit Server VM 18.9 (11.0.12+8-LTS-237, mixed mode, tiered, compressed oops, g1 gc, windows-amd64)
# No core dump will be written. Minidumps are not enabled by default on client versions of Windows
#

---------------  S U M M A R Y ------------

Command Line: -Dclassworlds.conf=D:\NetBeans-12.6\netbeans\java\maven\bin\..\bin\m2.conf -Dmaven.home=D:\NetBeans-12.6\netbeans\java\maven\bin\.. -Dlibrary.jansi.path=D:\NetBeans-12.6\netbeans\java\maven\bin\..\lib\jansi-native -Dmaven.multiModuleProjectDirectory=D:\projects\netbeansProjects\Almacen org.codehaus.plexus.classworlds.launcher.Launcher -Dnetbeans.deploy=true -Dexec.vmArgs= -Dexec.appArgs= -Dmaven.ext.class.path=D:\NetBeans-12.6\netbeans\java\maven-nblib\netbeans-eventspy.jar -Dfile.encoding=UTF-8 package

Host: Celeron(R) Dual-Core CPU       T3300  @ 2.00GHz, 2 cores, 3G,  Windows 10 , 64 bit Build 18362 (10.0.18362.329)
Time: Tue May 23 20:25:17 2023 Hora estándar oeste, Sudamérica elapsed time: 32.371026 seconds (0d 0h 0m 32s)

---------------  T H R E A D  ---------------

Current thread (0x000001e8d99d9800):  VMThread "VM Thread" [stack: 0x0000001e6a400000,0x0000001e6a500000] [id=6744]

Stack: [0x0000001e6a400000,0x0000001e6a500000]
[error occurred during error reporting (printing stack bounds), id 0xc0000005, EXCEPTION_ACCESS_VIOLATION (0xc0000005) at pc=0x000001e8c5bc0f3d]

Native frames: (J=compiled Java code, j=interpreted, Vv=VM code, C=native code)
V  [jvm.dll+0x617d9a]
V  [jvm.dll+0x74eeef]
V  [jvm.dll+0x750599]
V  [jvm.dll+0x750b85]
V  [jvm.dll+0x750b3b]
V  [jvm.dll+0x6175d3]
V  [jvm.dll+0x617998]
C  [ntdll.dll+0xa11ff]
C  [ntdll.dll+0x6a289]
C  [ntdll.dll+0x9fe6e]
C  0x000001e8c5bc0f3d

VM_Operation (0x0000001e69efd270): G1CollectForAllocation, mode: safepoint, requested by thread 0x000001e8bd70d800


---------------  P R O C E S S  ---------------

Threads class SMR info:
_java_thread_list=0x000001e8d9cebac0, length=10, elements={
0x000001e8bd70d800, 0x000001e8d99fd000, 0x000001e8d99fe800, 0x000001e8d9a6f800,
0x000001e8d9a71000, 0x000001e8d9a74000, 0x000001e8d9a77800, 0x000001e8d9a1d800,
0x000001e8d9a8e800, 0x000001e8d9d06800
}

Java Threads: ( => current thread )
  0x000001e8bd70d800 JavaThread "main" [_thread_blocked, id=1180, stack(0x0000001e69e00000,0x0000001e69f00000)]
  0x000001e8d99fd000 JavaThread "Reference Handler" daemon [_thread_blocked, id=4892, stack(0x0000001e6a500000,0x0000001e6a600000)]
  0x000001e8d99fe800 JavaThread "Finalizer" daemon [_thread_blocked, id=1648, stack(0x0000001e6a600000,0x0000001e6a700000)]
  0x000001e8d9a6f800 JavaThread "Signal Dispatcher" daemon [_thread_blocked, id=5404, stack(0x0000001e6a700000,0x0000001e6a800000)]
  0x000001e8d9a71000 JavaThread "Attach Listener" daemon [_thread_blocked, id=220, stack(0x0000001e6a800000,0x0000001e6a900000)]
  0x000001e8d9a74000 JavaThread "Service Thread" daemon [_thread_blocked, id=5912, stack(0x0000001e6a900000,0x0000001e6aa00000)]
  0x000001e8d9a77800 JavaThread "C2 CompilerThread0" daemon [_thread_blocked, id=5652, stack(0x0000001e6aa00000,0x0000001e6ab00000)]
  0x000001e8d9a1d800 JavaThread "C1 CompilerThread0" daemon [_thread_blocked, id=7712, stack(0x0000001e6ab00000,0x0000001e6ac00000)]
  0x000001e8d9a8e800 JavaThread "Sweeper thread" daemon [_thread_blocked, id=3304, stack(0x0000001e6ac00000,0x0000001e6ad00000)]
  0x000001e8d9d06800 JavaThread "Common-Cleaner" daemon [_thread_blocked, id=2532, stack(0x0000001e6ae00000,0x0000001e6af00000)]

Other Threads:
=>0x000001e8d99d9800 VMThread "VM Thread" [stack: 0x0000001e6a400000,0x0000001e6a500000] [id=6744]
  0x000001e8d9d05800 WatcherThread [stack: 0x0000001e6ad00000,0x0000001e6ae00000] [id=6940]
  0x000001e8bd721800 GCTaskThread "GC Thread#0" [stack: 0x0000001e69f00000,0x0000001e6a000000] [id=7340]
  0x000001e8d9eb5000 GCTaskThread "GC Thread#1" [stack: 0x0000001e6af00000,0x0000001e6b000000] [id=2952]
  0x000001e8bd73d000 ConcurrentGCThread "G1 Main Marker" [stack: 0x0000001e6a000000,0x0000001e6a100000] [id=2832]
  0x000001e8bd73f000 ConcurrentGCThread "G1 Conc#0" [stack: 0x0000001e6a100000,0x0000001e6a200000] [id=5640]
  0x000001e8bd793000 ConcurrentGCThread "G1 Refine#0" [stack: 0x0000001e6a200000,0x0000001e6a300000] [id=1444]
  0x000001e8bd794000 ConcurrentGCThread "G1 Young RemSet Sampling" [stack: 0x0000001e6a300000,0x0000001e6a400000] [id=6360]

Threads with active compile tasks:
C2 CompilerThread0  32536 5315       4       java.io.PrintStream::print (9 bytes)

VM state:at safepoint (normal execution)

VM Mutex/Monitor currently owned by a thread:  ([mutex/lock_event])
[0x000001e8bd709c50] Threads_lock - owner thread: 0x000001e8d99d9800
[0x000001e8bd708f60] Heap_lock - owner thread: 0x000001e8bd70d800

Heap address: 0x00000000c0800000, size: 1016 MB, Compressed Oops mode: 32-bit
Narrow klass base: 0x0000000000000000, Narrow klass shift: 3
Compressed class space size: 1073741824 Address: 0x0000000100000000

Heap:
 garbage-first heap   total 95232K, used 19850K [0x00000000c0800000, 0x0000000100000000)
  region size 1024K, 6 young (6144K), 6 survivors (6144K)
 Metaspace       used 33969K, capacity 34665K, committed 34944K, reserved 1081344K
  class space    used 3638K, capacity 3913K, committed 3968K, reserved 1048576K
Heap Regions: E=young(eden), S=young(survivor), O=old, HS=humongous(starts), HC=humongous(continues), CS=collection set, F=free, A=archive, TAMS=top-at-mark-start (previous, next)
|   0|0x00000000c0800000, 0x00000000c0900000, 0x00000000c0900000|100%| O|  |TAMS 0x00000000c0900000, 0x00000000c0800000| Untracked 
|   1|0x00000000c0900000, 0x00000000c0a00000, 0x00000000c0a00000|100%| O|  |TAMS 0x00000000c0a00000, 0x00000000c0900000| Untracked 
|   2|0x00000000c0a00000, 0x00000000c0b00000, 0x00000000c0b00000|100%| O|  |TAMS 0x00000000c0b00000, 0x00000000c0a00000| Untracked 
|   3|0x00000000c0b00000, 0x00000000c0c00000, 0x00000000c0c00000|100%| O|  |TAMS 0x00000000c0b5e200, 0x00000000c0b00000| Untracked 
|   4|0x00000000c0c00000, 0x00000000c0d00000, 0x00000000c0d00000|100%| O|  |TAMS 0x00000000c0c00000, 0x00000000c0c00000| Untracked 
|   5|0x00000000c0d00000, 0x00000000c0e00000, 0x00000000c0e00000|100%| O|  |TAMS 0x00000000c0d00000, 0x00000000c0d00000| Untracked 
|   6|0x00000000c0e00000, 0x00000000c0f00000, 0x00000000c0f00000|100%| O|  |TAMS 0x00000000c0e00000, 0x00000000c0e00000| Untracked 
|   7|0x00000000c0f00000, 0x00000000c1000000, 0x00000000c1000000|100%| O|  |TAMS 0x00000000c0f00000, 0x00000000c0f00000| Untracked 
|   8|0x00000000c1000000, 0x00000000c1100000, 0x00000000c1100000|100%| O|  |TAMS 0x00000000c1000000, 0x00000000c1000000| Untracked 
|   9|0x00000000c1100000, 0x00000000c1200000, 0x00000000c1200000|100%| O|  |TAMS 0x00000000c1100000, 0x00000000c1100000| Untracked 
|  10|0x00000000c1200000, 0x00000000c1300000, 0x00000000c1300000|100%| O|  |TAMS 0x00000000c1200000, 0x00000000c1200000| Untracked 
|  11|0x00000000c1300000, 0x00000000c1400000, 0x00000000c1400000|100%| O|  |TAMS 0x00000000c1300000, 0x00000000c1300000| Untracked 
|  12|0x00000000c1400000, 0x00000000c1500000, 0x00000000c1500000|100%| O|  |TAMS 0x00000000c1400000, 0x00000000c1400000| Untracked 
|  13|0x00000000c1500000, 0x00000000c15f2c00, 0x00000000c1600000| 94%| O|  |TAMS 0x00000000c1500000, 0x00000000c1500000| Untracked 
|  14|0x00000000c1600000, 0x00000000c1600000, 0x00000000c1700000|  0%| F|  |TAMS 0x00000000c1600000, 0x00000000c1600000| Untracked 
|  15|0x00000000c1700000, 0x00000000c1700000, 0x00000000c1800000|  0%| F|  |TAMS 0x00000000c1700000, 0x00000000c1700000| Untracked 
|  16|0x00000000c1800000, 0x00000000c1800000, 0x00000000c1900000|  0%| F|  |TAMS 0x00000000c1800000, 0x00000000c1800000| Untracked 
|  17|0x00000000c1900000, 0x00000000c1900000, 0x00000000c1a00000|  0%| F|  |TAMS 0x00000000c1900000, 0x00000000c1900000| Untracked 
|  18|0x00000000c1a00000, 0x00000000c1a00000, 0x00000000c1b00000|  0%| F|  |TAMS 0x00000000c1a00000, 0x00000000c1a00000| Untracked 
|  19|0x00000000c1b00000, 0x00000000c1b00000, 0x00000000c1c00000|  0%| F|  |TAMS 0x00000000c1b00000, 0x00000000c1b00000| Untracked 
|  20|0x00000000c1c00000, 0x00000000c1c00000, 0x00000000c1d00000|  0%| F|  |TAMS 0x00000000c1c00000, 0x00000000c1c00000| Untracked 
|  21|0x00000000c1d00000, 0x00000000c1d00000, 0x00000000c1e00000|  0%| F|  |TAMS 0x00000000c1d00000, 0x00000000c1d00000| Untracked 
|  22|0x00000000c1e00000, 0x00000000c1e00000, 0x00000000c1f00000|  0%| F|  |TAMS 0x00000000c1e00000, 0x00000000c1e00000| Untracked 
|  23|0x00000000c1f00000, 0x00000000c1f00000, 0x00000000c2000000|  0%| F|  |TAMS 0x00000000c1f00000, 0x00000000c1f00000| Untracked 
|  24|0x00000000c2000000, 0x00000000c2000000, 0x00000000c2100000|  0%| F|  |TAMS 0x00000000c2000000, 0x00000000c2000000| Untracked 
|  25|0x00000000c2100000, 0x00000000c2100000, 0x00000000c2200000|  0%| F|  |TAMS 0x00000000c2100000, 0x00000000c2100000| Untracked 
|  26|0x00000000c2200000, 0x00000000c2200000, 0x00000000c2300000|  0%| F|  |TAMS 0x00000000c2200000, 0x00000000c2200000| Untracked 
|  27|0x00000000c2300000, 0x00000000c2300000, 0x00000000c2400000|  0%| F|  |TAMS 0x00000000c2300000, 0x00000000c2300000| Untracked 
|  28|0x00000000c2400000, 0x00000000c2400000, 0x00000000c2500000|  0%| F|  |TAMS 0x00000000c2400000, 0x00000000c2400000| Untracked 
|  29|0x00000000c2500000, 0x00000000c2500000, 0x00000000c2600000|  0%| F|  |TAMS 0x00000000c2500000, 0x00000000c2500000| Untracked 
|  30|0x00000000c2600000, 0x00000000c266fe20, 0x00000000c2700000| 43%| S|CS|TAMS 0x00000000c2600000, 0x00000000c2600000| Complete 
|  31|0x00000000c2700000, 0x00000000c2800000, 0x00000000c2800000|100%| S|CS|TAMS 0x00000000c2700000, 0x00000000c2700000| Complete 
|  32|0x00000000c2800000, 0x00000000c2800000, 0x00000000c2900000|  0%| F|  |TAMS 0x00000000c2800000, 0x00000000c2800000| Untracked 
|  33|0x00000000c2900000, 0x00000000c2900000, 0x00000000c2a00000|  0%| F|  |TAMS 0x00000000c2900000, 0x00000000c2900000| Untracked 
|  34|0x00000000c2a00000, 0x00000000c2a00000, 0x00000000c2b00000|  0%| F|  |TAMS 0x00000000c2a00000, 0x00000000c2a00000| Untracked 
|  35|0x00000000c2b00000, 0x00000000c2c00000, 0x00000000c2c00000|100%| S|CS|TAMS 0x00000000c2b00000, 0x00000000c2b00000| Complete 
|  36|0x00000000c2c00000, 0x00000000c2d00000, 0x00000000c2d00000|100%| S|CS|TAMS 0x00000000c2c00000, 0x00000000c2c00000| Complete 
|  37|0x00000000c2d00000, 0x00000000c2e00000, 0x00000000c2e00000|100%| S|CS|TAMS 0x00000000c2d00000, 0x00000000c2d00000| Complete 
|  38|0x00000000c2e00000, 0x00000000c2e00000, 0x00000000c2f00000|  0%| F|  |TAMS 0x00000000c2e00000, 0x00000000c2e00000| Untracked 
|  39|0x00000000c2f00000, 0x00000000c2f00000, 0x00000000c3000000|  0%| F|  |TAMS 0x00000000c2f00000, 0x00000000c2f00000| Untracked 
|  40|0x00000000c3000000, 0x00000000c3100000, 0x00000000c3100000|100%| S|CS|TAMS 0x00000000c3000000, 0x00000000c3000000| Complete 
|  41|0x00000000c3100000, 0x00000000c3100000, 0x00000000c3200000|  0%| F|  |TAMS 0x00000000c3100000, 0x00000000c3100000| Untracked 
|  42|0x00000000c3200000, 0x00000000c3200000, 0x00000000c3300000|  0%| F|  |TAMS 0x00000000c3200000, 0x00000000c3200000| Untracked 
|  43|0x00000000c3300000, 0x00000000c3300000, 0x00000000c3400000|  0%| F|  |TAMS 0x00000000c3300000, 0x00000000c3300000| Untracked 
|  44|0x00000000c3400000, 0x00000000c3400000, 0x00000000c3500000|  0%| F|  |TAMS 0x00000000c3400000, 0x00000000c3400000| Untracked 
|  45|0x00000000c3500000, 0x00000000c3500000, 0x00000000c3600000|  0%| F|  |TAMS 0x00000000c3500000, 0x00000000c3500000| Untracked 
|  46|0x00000000c3600000, 0x00000000c3600000, 0x00000000c3700000|  0%| F|  |TAMS 0x00000000c3600000, 0x00000000c3600000| Untracked 
|  47|0x00000000c3700000, 0x00000000c3700000, 0x00000000c3800000|  0%| F|  |TAMS 0x00000000c3700000, 0x00000000c3700000| Untracked 
|  48|0x00000000c3800000, 0x00000000c3800000, 0x00000000c3900000|  0%| F|  |TAMS 0x00000000c3800000, 0x00000000c3800000| Untracked 
|  49|0x00000000c3900000, 0x00000000c3900000, 0x00000000c3a00000|  0%| F|  |TAMS 0x00000000c3900000, 0x00000000c3900000| Untracked 
|  50|0x00000000c3a00000, 0x00000000c3a00000, 0x00000000c3b00000|  0%| F|  |TAMS 0x00000000c3a00000, 0x00000000c3a00000| Untracked 
|  51|0x00000000c3b00000, 0x00000000c3b00000, 0x00000000c3c00000|  0%| F|  |TAMS 0x00000000c3b00000, 0x00000000c3b00000| Untracked 
|  52|0x00000000c3c00000, 0x00000000c3c00000, 0x00000000c3d00000|  0%| F|  |TAMS 0x00000000c3c00000, 0x00000000c3c00000| Untracked 
|  53|0x00000000c3d00000, 0x00000000c3d00000, 0x00000000c3e00000|  0%| F|  |TAMS 0x00000000c3d00000, 0x00000000c3d00000| Untracked 
|  54|0x00000000c3e00000, 0x00000000c3e00000, 0x00000000c3f00000|  0%| F|  |TAMS 0x00000000c3e00000, 0x00000000c3e00000| Untracked 
|  55|0x00000000c3f00000, 0x00000000c3f00000, 0x00000000c4000000|  0%| F|  |TAMS 0x00000000c3f00000, 0x00000000c3f00000| Untracked 
|  56|0x00000000c4000000, 0x00000000c4000000, 0x00000000c4100000|  0%| F|  |TAMS 0x00000000c4000000, 0x00000000c4000000| Untracked 
|  57|0x00000000c4100000, 0x00000000c4100000, 0x00000000c4200000|  0%| F|  |TAMS 0x00000000c4100000, 0x00000000c4100000| Untracked 
|  58|0x00000000c4200000, 0x00000000c4200000, 0x00000000c4300000|  0%| F|  |TAMS 0x00000000c4200000, 0x00000000c4200000| Untracked 
|  59|0x00000000c4300000, 0x00000000c4300000, 0x00000000c4400000|  0%| F|  |TAMS 0x00000000c4300000, 0x00000000c4300000| Untracked 
|  60|0x00000000c4400000, 0x00000000c4400000, 0x00000000c4500000|  0%| F|  |TAMS 0x00000000c4400000, 0x00000000c4400000| Untracked 
|  61|0x00000000c4500000, 0x00000000c4500000, 0x00000000c4600000|  0%| F|  |TAMS 0x00000000c4500000, 0x00000000c4500000| Untracked 
|  62|0x00000000c4600000, 0x00000000c4600000, 0x00000000c4700000|  0%| F|  |TAMS 0x00000000c4600000, 0x00000000c4600000| Untracked 
|  63|0x00000000c4700000, 0x00000000c4700000, 0x00000000c4800000|  0%| F|  |TAMS 0x00000000c4700000, 0x00000000c4700000| Untracked 
|  64|0x00000000c4800000, 0x00000000c4800000, 0x00000000c4900000|  0%| F|  |TAMS 0x00000000c4800000, 0x00000000c4800000| Untracked 
|  65|0x00000000c4900000, 0x00000000c4900000, 0x00000000c4a00000|  0%| F|  |TAMS 0x00000000c4900000, 0x00000000c4900000| Untracked 
|  66|0x00000000c4a00000, 0x00000000c4a00000, 0x00000000c4b00000|  0%| F|  |TAMS 0x00000000c4a00000, 0x00000000c4a00000| Untracked 
|  67|0x00000000c4b00000, 0x00000000c4b00000, 0x00000000c4c00000|  0%| F|  |TAMS 0x00000000c4b00000, 0x00000000c4b00000| Untracked 
|  68|0x00000000c4c00000, 0x00000000c4c00000, 0x00000000c4d00000|  0%| F|  |TAMS 0x00000000c4c00000, 0x00000000c4c00000| Untracked 
|  69|0x00000000c4d00000, 0x00000000c4d00000, 0x00000000c4e00000|  0%| F|  |TAMS 0x00000000c4d00000, 0x00000000c4d00000| Untracked 
|  70|0x00000000c4e00000, 0x00000000c4e00000, 0x00000000c4f00000|  0%| F|  |TAMS 0x00000000c4e00000, 0x00000000c4e00000| Untracked 
|  71|0x00000000c4f00000, 0x00000000c4f00000, 0x00000000c5000000|  0%| F|  |TAMS 0x00000000c4f00000, 0x00000000c4f00000| Untracked 
|  72|0x00000000c5000000, 0x00000000c5000000, 0x00000000c5100000|  0%| F|  |TAMS 0x00000000c5000000, 0x00000000c5000000| Untracked 
|  73|0x00000000c5100000, 0x00000000c5100000, 0x00000000c5200000|  0%| F|  |TAMS 0x00000000c5100000, 0x00000000c5100000| Untracked 
|  74|0x00000000c5200000, 0x00000000c5200000, 0x00000000c5300000|  0%| F|  |TAMS 0x00000000c5200000, 0x00000000c5200000| Untracked 
|  75|0x00000000c5300000, 0x00000000c5300000, 0x00000000c5400000|  0%| F|  |TAMS 0x00000000c5300000, 0x00000000c5300000| Untracked 
|  76|0x00000000c5400000, 0x00000000c5400000, 0x00000000c5500000|  0%| F|  |TAMS 0x00000000c5400000, 0x00000000c5400000| Untracked 

Card table byte_map: [0x000001e8d4bc0000,0x000001e8d4dc0000] _byte_map_base: 0x000001e8d45bc000

Marking Bits (Prev, Next): (CMBitMap*) 0x000001e8bd738000, (CMBitMap*) 0x000001e8bd737fc8
 Prev Bits: [0x000001e8d5fa0000, 0x000001e8d6f80000)
 Next Bits: [0x000001e8d4fc0000, 0x000001e8d5fa0000)

Polling page: 0x000001e8bcee0000

Metaspace:

Usage:
  Non-class:     30.03 MB capacity,    29.62 MB ( 99%) used,   367.16 KB (  1%) free+waste,    53.75 KB ( <1%) overhead. 
      Class:      3.82 MB capacity,     3.55 MB ( 93%) used,   251.76 KB (  6%) free+waste,    22.44 KB ( <1%) overhead. 
       Both:     33.85 MB capacity,    33.17 MB ( 98%) used,   618.92 KB (  2%) free+waste,    76.19 KB ( <1%) overhead. 

Virtual space:
  Non-class space:       32.00 MB reserved,      30.25 MB ( 95%) committed 
      Class space:        1.00 GB reserved,       3.88 MB ( <1%) committed 
             Both:        1.03 GB reserved,      34.13 MB (  3%) committed 

Chunk freelists:
   Non-Class:  4.00 KB
       Class:  2.88 KB
        Both:  6.88 KB

CodeHeap 'non-profiled nmethods': size=120064Kb used=2416Kb max_used=2416Kb free=117647Kb
 bounds [0x000001e8cd680000, 0x000001e8cd8f0000, 0x000001e8d4bc0000]
CodeHeap 'profiled nmethods': size=120000Kb used=12415Kb max_used=12415Kb free=107585Kb
 bounds [0x000001e8c6150000, 0x000001e8c6d70000, 0x000001e8cd680000]
CodeHeap 'non-nmethods': size=5696Kb used=1128Kb max_used=1169Kb free=4567Kb
 bounds [0x000001e8c5bc0000, 0x000001e8c5e30000, 0x000001e8c6150000]
 total_blobs=5771 nmethods=5303 adapters=380
 compilation: enabled
              stopped_count=0, restarted_count=0
 full_count=0

Compilation events (10 events):
Event: 32.253 Thread 0x000001e8d9a77800 nmethod 5311 0x000001e8cd8d9310 code [0x000001e8cd8d94e0, 0x000001e8cd8d9d48]
Event: 32.253 Thread 0x000001e8d9a77800 5312       4       sun.nio.cs.StreamEncoder::implWrite (137 bytes)
Event: 32.257 Thread 0x000001e8d9a77800 nmethod 5312 0x000001e8cd8da310 code [0x000001e8cd8da4a0, 0x000001e8cd8da5e8]
Event: 32.257 Thread 0x000001e8d9a77800 5314       4       sun.nio.cs.StreamEncoder::writeBytes (132 bytes)
Event: 32.269 Thread 0x000001e8d9a1d800 5318       3       org.eclipse.aether.artifact.DefaultArtifact::<init> (62 bytes)
Event: 32.272 Thread 0x000001e8d9a1d800 nmethod 5318 0x000001e8c6d6e810 code [0x000001e8c6d6eaa0, 0x000001e8c6d6f818]
Event: 32.282 Thread 0x000001e8d9a77800 nmethod 5314 0x000001e8cd8da790 code [0x000001e8cd8da9a0, 0x000001e8cd8db6d8]
Event: 32.282 Thread 0x000001e8d9a77800 5313       4       java.nio.ByteBuffer::clear (7 bytes)
Event: 32.283 Thread 0x000001e8d9a77800 nmethod 5313 0x000001e8cd8dbe10 code [0x000001e8cd8dbfa0, 0x000001e8cd8dc018]
Event: 32.283 Thread 0x000001e8d9a77800 5315       4       java.io.PrintStream::print (9 bytes)

GC Heap History (10 events):
Event: 6.311 GC heap after
{Heap after GC invocations=5 (full 0):
 garbage-first heap   total 78848K, used 6104K [0x00000000c0800000, 0x0000000100000000)
  region size 1024K, 4 young (4096K), 4 survivors (4096K)
 Metaspace       used 19860K, capacity 20311K, committed 20480K, reserved 1067008K
  class space    used 2136K, capacity 2281K, committed 2304K, reserved 1048576K
}
Event: 7.633 GC heap before
{Heap before GC invocations=5 (full 0):
 garbage-first heap   total 78848K, used 17368K [0x00000000c0800000, 0x0000000100000000)
  region size 1024K, 16 young (16384K), 4 survivors (4096K)
 Metaspace       used 20600K, capacity 21024K, committed 21248K, reserved 1069056K
  class space    used 2189K, capacity 2284K, committed 2304K, reserved 1048576K
}
Event: 7.655 GC heap after
{Heap after GC invocations=6 (full 0):
 garbage-first heap   total 78848K, used 7480K [0x00000000c0800000, 0x0000000100000000)
  region size 1024K, 4 young (4096K), 4 survivors (4096K)
 Metaspace       used 20600K, capacity 21024K, committed 21248K, reserved 1069056K
  class space    used 2189K, capacity 2284K, committed 2304K, reserved 1048576K
}
Event: 12.164 GC heap before
{Heap before GC invocations=7 (full 0):
 garbage-first heap   total 78848K, used 40248K [0x00000000c0800000, 0x0000000100000000)
  region size 1024K, 36 young (36864K), 4 survivors (4096K)
 Metaspace       used 21306K, capacity 21702K, committed 21888K, reserved 1069056K
  class space    used 2216K, capacity 2317K, committed 2432K, reserved 1048576K
}
Event: 12.186 GC heap after
{Heap after GC invocations=8 (full 0):
 garbage-first heap   total 78848K, used 9028K [0x00000000c0800000, 0x0000000100000000)
  region size 1024K, 3 young (3072K), 3 survivors (3072K)
 Metaspace       used 21306K, capacity 21702K, committed 21888K, reserved 1069056K
  class space    used 2216K, capacity 2317K, committed 2432K, reserved 1048576K
}
Event: 16.276 GC heap before
{Heap before GC invocations=8 (full 0):
 garbage-first heap   total 78848K, used 44868K [0x00000000c0800000, 0x0000000100000000)
  region size 1024K, 38 young (38912K), 3 survivors (3072K)
 Metaspace       used 23039K, capacity 23574K, committed 23680K, reserved 1071104K
  class space    used 2448K, capacity 2621K, committed 2688K, reserved 1048576K
}
Event: 16.293 GC heap after
{Heap after GC invocations=9 (full 0):
 garbage-first heap   total 78848K, used 10810K [0x00000000c0800000, 0x0000000100000000)
  region size 1024K, 4 young (4096K), 4 survivors (4096K)
 Metaspace       used 23039K, capacity 23574K, committed 23680K, reserved 1071104K
  class space    used 2448K, capacity 2621K, committed 2688K, reserved 1048576K
}
Event: 25.821 GC heap before
{Heap before GC invocations=9 (full 0):
 garbage-first heap   total 78848K, used 47674K [0x00000000c0800000, 0x0000000100000000)
  region size 1024K, 40 young (40960K), 4 survivors (4096K)
 Metaspace       used 31746K, capacity 32431K, committed 32768K, reserved 1079296K
  class space    used 3462K, capacity 3731K, committed 3840K, reserved 1048576K
}
Event: 25.852 GC heap after
{Heap after GC invocations=10 (full 0):
 garbage-first heap   total 78848K, used 14599K [0x00000000c0800000, 0x0000000100000000)
  region size 1024K, 5 young (5120K), 5 survivors (5120K)
 Metaspace       used 31746K, capacity 32431K, committed 32768K, reserved 1079296K
  class space    used 3462K, capacity 3731K, committed 3840K, reserved 1048576K
}
Event: 32.285 GC heap before
{Heap before GC invocations=10 (full 0):
 garbage-first heap   total 78848K, used 51463K [0x00000000c0800000, 0x0000000100000000)
  region size 1024K, 41 young (41984K), 5 survivors (5120K)
 Metaspace       used 33969K, capacity 34665K, committed 34944K, reserved 1081344K
  class space    used 3638K, capacity 3913K, committed 3968K, reserved 1048576K
}

Deoptimization events (10 events):
Event: 25.951 Thread 0x000001e8bd70d800 Uncommon trap: reason=speculate_class_check action=maybe_recompile pc=0x000001e8cd819b08 method=java.util.zip.InflaterInputStream.read([BII)I @ 100 c2
Event: 26.062 Thread 0x000001e8bd70d800 Uncommon trap: reason=speculate_class_check action=maybe_recompile pc=0x000001e8cd819b08 method=java.util.zip.InflaterInputStream.read([BII)I @ 100 c2
Event: 26.103 Thread 0x000001e8bd70d800 Uncommon trap: reason=speculate_class_check action=maybe_recompile pc=0x000001e8cd819b08 method=java.util.zip.InflaterInputStream.read([BII)I @ 100 c2
Event: 26.905 Thread 0x000001e8bd70d800 Uncommon trap: reason=unstable_if action=reinterpret pc=0x000001e8cd88b028 method=com.sun.tools.javac.util.Name$Table.equals([BI[BII)Z @ 22 c2
Event: 27.576 Thread 0x000001e8bd70d800 Uncommon trap: reason=bimorphic_or_optimized_type_check action=maybe_recompile pc=0x000001e8cd742d50 method=java.util.HashMap.putVal(ILjava/lang/Object;Ljava/lang/Object;ZZ)Ljava/lang/Object; @ 253 c2
Event: 27.578 Thread 0x000001e8bd70d800 Uncommon trap: reason=bimorphic_or_optimized_type_check action=maybe_recompile pc=0x000001e8cd742d50 method=java.util.HashMap.putVal(ILjava/lang/Object;Ljava/lang/Object;ZZ)Ljava/lang/Object; @ 253 c2
Event: 27.583 Thread 0x000001e8bd70d800 Uncommon trap: reason=bimorphic_or_optimized_type_check action=maybe_recompile pc=0x000001e8cd742d50 method=java.util.HashMap.putVal(ILjava/lang/Object;Ljava/lang/Object;ZZ)Ljava/lang/Object; @ 253 c2
Event: 27.650 Thread 0x000001e8bd70d800 Uncommon trap: reason=bimorphic_or_optimized_type_check action=maybe_recompile pc=0x000001e8cd742d50 method=java.util.HashMap.putVal(ILjava/lang/Object;Ljava/lang/Object;ZZ)Ljava/lang/Object; @ 253 c2
Event: 27.653 Thread 0x000001e8bd70d800 Uncommon trap: reason=bimorphic_or_optimized_type_check action=maybe_recompile pc=0x000001e8cd76fe6c method=java.util.HashMap.putVal(ILjava/lang/Object;Ljava/lang/Object;ZZ)Ljava/lang/Object; @ 253 c2
Event: 32.108 Thread 0x000001e8bd70d800 Uncommon trap: reason=class_check action=make_not_entrant pc=0x000001e8cd8d138c method=java.util.ArrayList.toArray([Ljava/lang/Object;)[Ljava/lang/Object; @ 21 c2

Classes redefined (0 events):
No events

Internal exceptions (10 events):
Event: 28.042 Thread 0x000001e8bd70d800 Exception <a 'sun/nio/fs/WindowsException'{0x00000000c3dd4d50}> (0x00000000c3dd4d50) thrown at [./open/src/hotspot/share/prims/jni.cpp, line 611]
Event: 28.043 Thread 0x000001e8bd70d800 Exception <a 'sun/nio/fs/WindowsException'{0x00000000c3dd6700}> (0x00000000c3dd6700) thrown at [./open/src/hotspot/share/prims/jni.cpp, line 611]
Event: 28.043 Thread 0x000001e8bd70d800 Exception <a 'sun/nio/fs/WindowsException'{0x00000000c3dd6990}> (0x00000000c3dd6990) thrown at [./open/src/hotspot/share/prims/jni.cpp, line 611]
Event: 28.043 Thread 0x000001e8bd70d800 Exception <a 'sun/nio/fs/WindowsException'{0x00000000c3dd8500}> (0x00000000c3dd8500) thrown at [./open/src/hotspot/share/prims/jni.cpp, line 611]
Event: 28.044 Thread 0x000001e8bd70d800 Exception <a 'sun/nio/fs/WindowsException'{0x00000000c3dd87d0}> (0x00000000c3dd87d0) thrown at [./open/src/hotspot/share/prims/jni.cpp, line 611]
Event: 28.404 Thread 0x000001e8bd70d800 Exception <a 'sun/nio/fs/WindowsException'{0x00000000c3c52c90}> (0x00000000c3c52c90) thrown at [./open/src/hotspot/share/prims/jni.cpp, line 611]
Event: 28.405 Thread 0x000001e8bd70d800 Exception <a 'sun/nio/fs/WindowsException'{0x00000000c3c53398}> (0x00000000c3c53398) thrown at [./open/src/hotspot/share/prims/jni.cpp, line 611]
Event: 29.025 Thread 0x000001e8bd70d800 Exception <a 'sun/nio/fs/WindowsException'{0x00000000c3ccebf8}> (0x00000000c3ccebf8) thrown at [./open/src/hotspot/share/prims/jni.cpp, line 611]
Event: 29.025 Thread 0x000001e8bd70d800 Exception <a 'sun/nio/fs/WindowsException'{0x00000000c3ccf310}> (0x00000000c3ccf310) thrown at [./open/src/hotspot/share/prims/jni.cpp, line 611]
Event: 29.434 Thread 0x000001e8bd70d800 Exception <a 'sun/nio/fs/WindowsException'{0x00000000c3b48868}> (0x00000000c3b48868) thrown at [./open/src/hotspot/share/prims/jni.cpp, line 611]

Events (10 events):
Event: 32.206 loading class org/apache/maven/plugin/surefire/SurefireHelper done
Event: 32.206 loading class org/apache/maven/plugin/surefire/SurefireHelper
Event: 32.206 loading class org/apache/maven/plugin/surefire/SurefireHelper done
Event: 32.206 loading class org/apache/maven/plugin/surefire/SurefireHelper
Event: 32.206 loading class org/apache/maven/plugin/surefire/SurefireHelper done
Event: 32.207 loading class org/apache/maven/plugin/surefire/SurefireHelper
Event: 32.207 loading class org/apache/maven/plugin/surefire/SurefireHelper done
Event: 32.208 loading class java/lang/IllegalAccessError
Event: 32.208 loading class java/lang/IllegalAccessError done
Event: 32.285 Executing VM operation: G1CollectForAllocation


Dynamic libraries:
0x00007ff7c8c60000 - 0x00007ff7c8c6f000 	D:\Java\jdk-11.0.12\bin\java.exe
0x00007ff89e0c0000 - 0x00007ff89e2b0000 	C:\Windows\SYSTEM32\ntdll.dll
0x00007ff89c960000 - 0x00007ff89ca12000 	C:\Windows\System32\KERNEL32.DLL
0x00007ff89bf00000 - 0x00007ff89c1a3000 	C:\Windows\System32\KERNELBASE.dll
0x00007ff89b140000 - 0x00007ff89b23a000 	C:\Windows\System32\ucrtbase.dll
0x00007ff894b90000 - 0x00007ff894ba8000 	D:\Java\jdk-11.0.12\bin\jli.dll
0x00007ff8978f0000 - 0x00007ff897905000 	D:\Java\jdk-11.0.12\bin\VCRUNTIME140.dll
0x00007ff89ce50000 - 0x00007ff89cef3000 	C:\Windows\System32\ADVAPI32.dll
0x00007ff89d7a0000 - 0x00007ff89d83e000 	C:\Windows\System32\msvcrt.dll
0x00007ff89dd80000 - 0x00007ff89de17000 	C:\Windows\System32\sechost.dll
0x00007ff89c1b0000 - 0x00007ff89c2d0000 	C:\Windows\System32\RPCRT4.dll
0x00007ff89df20000 - 0x00007ff89e0b4000 	C:\Windows\System32\USER32.dll
0x00007ff89b370000 - 0x00007ff89b391000 	C:\Windows\System32\win32u.dll
0x00007ff89ccb0000 - 0x00007ff89ccd6000 	C:\Windows\System32\GDI32.dll
0x00007ff89bd60000 - 0x00007ff89bef4000 	C:\Windows\System32\gdi32full.dll
0x00007ff87bdb0000 - 0x00007ff87c035000 	C:\Windows\WinSxS\amd64_microsoft.windows.common-controls_6595b64144ccf1df_6.0.18362.418_none_e6c6b287130d565d\COMCTL32.dll
0x00007ff89bcc0000 - 0x00007ff89bd5e000 	C:\Windows\System32\msvcp_win.dll
0x00007ff89da40000 - 0x00007ff89dd76000 	C:\Windows\System32\combase.dll
0x00007ff89b2f0000 - 0x00007ff89b370000 	C:\Windows\System32\bcryptPrimitives.dll
0x00007ff892cd0000 - 0x00007ff892cda000 	C:\Windows\SYSTEM32\VERSION.dll
0x00007ff89de20000 - 0x00007ff89de4e000 	C:\Windows\System32\IMM32.DLL
0x00007ff86c0c0000 - 0x00007ff86c15b000 	D:\Java\jdk-11.0.12\bin\msvcp140.dll
0x00007ff8562a0000 - 0x00007ff856d9f000 	D:\Java\jdk-11.0.12\bin\server\jvm.dll
0x00007ff89cce0000 - 0x00007ff89cce8000 	C:\Windows\System32\PSAPI.DLL
0x00007ff8741b0000 - 0x00007ff8741b9000 	C:\Windows\SYSTEM32\WSOCK32.dll
0x00007ff89caa0000 - 0x00007ff89cb0f000 	C:\Windows\System32\WS2_32.dll
0x00007ff8990b0000 - 0x00007ff8990d4000 	C:\Windows\SYSTEM32\WINMM.dll
0x00007ff899080000 - 0x00007ff8990ad000 	C:\Windows\SYSTEM32\winmmbase.dll
0x00007ff89b090000 - 0x00007ff89b0da000 	C:\Windows\System32\cfgmgr32.dll
0x00007ff89b050000 - 0x00007ff89b061000 	C:\Windows\System32\kernel.appcore.dll
0x00007ff897930000 - 0x00007ff897940000 	D:\Java\jdk-11.0.12\bin\verify.dll
0x00007ff892080000 - 0x00007ff892274000 	C:\Windows\SYSTEM32\DBGHELP.DLL
0x00007ff891fb0000 - 0x00007ff891fda000 	C:\Windows\SYSTEM32\dbgcore.DLL
0x00007ff881530000 - 0x00007ff881558000 	D:\Java\jdk-11.0.12\bin\java.dll
0x00007ff8978e0000 - 0x00007ff8978ea000 	D:\Java\jdk-11.0.12\bin\jimage.dll
0x00007ff8932a0000 - 0x00007ff8932b6000 	D:\Java\jdk-11.0.12\bin\zip.dll
0x00007ff89d0b0000 - 0x00007ff89d795000 	C:\Windows\System32\SHELL32.dll
0x00007ff89d8c0000 - 0x00007ff89d969000 	C:\Windows\System32\shcore.dll
0x00007ff89b3a0000 - 0x00007ff89bb1f000 	C:\Windows\System32\windows.storage.dll
0x00007ff89b070000 - 0x00007ff89b08f000 	C:\Windows\System32\profapi.dll
0x00007ff89afe0000 - 0x00007ff89b02a000 	C:\Windows\System32\powrprof.dll
0x00007ff89afd0000 - 0x00007ff89afe0000 	C:\Windows\System32\UMPDC.dll
0x00007ff89c840000 - 0x00007ff89c892000 	C:\Windows\System32\shlwapi.dll
0x00007ff89bca0000 - 0x00007ff89bcb7000 	C:\Windows\System32\cryptsp.dll
0x00007ff881510000 - 0x00007ff881529000 	D:\Java\jdk-11.0.12\bin\net.dll
0x00007ff88fc70000 - 0x00007ff88fd60000 	C:\Windows\SYSTEM32\WINHTTP.dll
0x00007ff89a840000 - 0x00007ff89a8a7000 	C:\Windows\system32\mswsock.dll
0x00007ff8814f0000 - 0x00007ff881502000 	D:\Java\jdk-11.0.12\bin\nio.dll
0x00007ff882d10000 - 0x00007ff882d1a000 	D:\NetBeans-12.6\netbeans\java\maven\lib\jansi-native\windows64\jansi.dll

dbghelp: loaded successfully - version: 4.0.5 - missing functions: none
symbol engine: initialized successfully - sym options: 0x614 - pdb path: .;D:\Java\jdk-11.0.12\bin;C:\Windows\SYSTEM32;C:\Windows\WinSxS\amd64_microsoft.windows.common-controls_6595b64144ccf1df_6.0.18362.418_none_e6c6b287130d565d;D:\Java\jdk-11.0.12\bin\server;D:\NetBeans-12.6\netbeans\java\maven\lib\jansi-native\windows64

VM Arguments:
jvm_args: -Dclassworlds.conf=D:\NetBeans-12.6\netbeans\java\maven\bin\..\bin\m2.conf -Dmaven.home=D:\NetBeans-12.6\netbeans\java\maven\bin\.. -Dlibrary.jansi.path=D:\NetBeans-12.6\netbeans\java\maven\bin\..\lib\jansi-native -Dmaven.multiModuleProjectDirectory=D:\projects\netbeansProjects\Almacen 
java_command: org.codehaus.plexus.classworlds.launcher.Launcher -Dnetbeans.deploy=true -Dexec.vmArgs= -Dexec.appArgs= -Dmaven.ext.class.path=D:\NetBeans-12.6\netbeans\java\maven-nblib\netbeans-eventspy.jar -Dfile.encoding=UTF-8 package
java_class_path (initial): D:\NetBeans-12.6\netbeans\java\maven\bin\..\boot\plexus-classworlds-2.6.0.jar
Launcher Type: SUN_STANDARD

[Global flags]
     intx CICompilerCount                          = 2                                         {product} {ergonomic}
     uint ConcGCThreads                            = 1                                         {product} {ergonomic}
     uint G1ConcRefinementThreads                  = 2                                         {product} {ergonomic}
   size_t G1HeapRegionSize                         = 1048576                                   {product} {ergonomic}
    uintx GCDrainStackTargetSize                   = 64                                        {product} {ergonomic}
   size_t InitialHeapSize                          = 67108864                                  {product} {ergonomic}
   size_t MarkStackSize                            = 4194304                                   {product} {ergonomic}
   size_t MaxHeapSize                              = 1065353216                                {product} {ergonomic}
   size_t MaxNewSize                               = 638582784                                 {product} {ergonomic}
   size_t MinHeapDeltaBytes                        = 1048576                                   {product} {ergonomic}
    uintx NonNMethodCodeHeapSize                   = 5825164                                {pd product} {ergonomic}
    uintx NonProfiledCodeHeapSize                  = 122916538                              {pd product} {ergonomic}
    uintx ProfiledCodeHeapSize                     = 122916538                              {pd product} {ergonomic}
    uintx ReservedCodeCacheSize                    = 251658240                              {pd product} {ergonomic}
     bool SegmentedCodeCache                       = true                                      {product} {ergonomic}
     bool UseCompressedClassPointers               = true                                 {lp64_product} {ergonomic}
     bool UseCompressedOops                        = true                                 {lp64_product} {ergonomic}
     bool UseG1GC                                  = true                                      {product} {ergonomic}
     bool UseLargePagesIndividualAllocation        = false                                  {pd product} {ergonomic}

Logging:
Log output configuration:
 #0: stdout all=warning uptime,level,tags
 #1: stderr all=off uptime,level,tags

Environment Variables:
JAVA_HOME=D:\Java\jdk-11.0.12
JRE_HOME=C:\Program Files\Java\jre1.8.0_361
CLASSPATH=D:\opt\apache-tomcat-9.0.65\lib
PATH=C:\Program Files\Common Files\Oracle\Java\javapath;C:\Program Files (x86)\Common Files\Oracle\Java\javapath;C:\oraclexe\app\oracle\product\11.2.0\server\bin;C:\Windows\system32;C:\Windows;C:\Windows\System32\Wbem;C:\Windows\System32\WindowsPowerShell\v1.0\;C:\Windows\System32\OpenSSH\;D:\Programas\;C:\ProgramData\chocolatey\bin;C:\composer;C:\Bitnami\wappstack-8.0.9-0\postgresql\pgAdmin 4\bin;C:\Program Files\Microsoft SQL Server\120\Tools\Binn\;C:\Program Files\Microsoft SQL Server\Client SDK\ODBC\110\Tools\Binn\;C:\Program Files (x86)\Microsoft SQL Server\120\Tools\Binn\;C:\Program Files\Microsoft SQL Server\120\DTS\Binn\;C:\Program Files (x86)\Microsoft SQL Server\120\Tools\Binn\ManagementStudio\;C:\Program Files (x86)\Microsoft SQL Server\120\DTS\Binn\;C:\Program Files\Microsoft SQL Server\150\Tools\Binn\;C:\Program Files\Microsoft SQL Server\Client SDK\ODBC\170\Tools\Binn\;D:\rational rose\common;C:\Program Files\dotnet\;"C:\Program Files\Common Files\Oracle\Java\javapath;C:\Program Files (x86)\Common Files\Oracle\Java\javapath;C:\oraclexe\app\oracle\product\11.2.0\server\bin;C:\Windows\system32;C:\Windows;C:\Windows\System32\Wbem;C:\Windows\System32\WindowsPowerShell\v1.0\;C:\Windows\System32\OpenSSH\;D:\Programas\;C:\ProgramData\chocolatey\bin;C:\composer;C:\Bitnami\wappstack-8.0.9-0\postgresql\pgAdmin 4\bin;C:\Program Files\Microsoft SQL Server\120\Tools\Binn\;C:\Program Files\Microsoft SQL Server\Client SDK\ODBC\110\Tools\Binn\;C:\Program Files (x86)\Microsoft SQL Server\120\Tools\Binn\;C:\Program Files\Microsoft SQL Server\120\DTS\Binn\;C:\Program Files (x86)\Microsoft SQL Server\120\Tools\Binn\ManagementStudio\;C:\Program Files (x86)\Microsoft SQL Server\120\DTS\Binn\;C:\Program Files\Microsoft SQL Server\150\Tools\Binn\;C:\Program Files\Microsoft SQL Server\Client SDK\ODBC\170\Tools\Binn\;D:\rational rose\common;C:\Program Files\dotnet\;"C:\Program Files\Common Files\Oracle\Java\javapath;C:\Program Files (x86)\Common Files\Oracle\Java\javapath;C:\oracl
USERNAME=BRAYAN
OS=Windows_NT
PROCESSOR_IDENTIFIER=Intel64 Family 6 Model 23 Stepping 10, GenuineIntel



---------------  S Y S T E M  ---------------

OS: Windows 10 , 64 bit Build 18362 (10.0.18362.329)

CPU:total 2 (initial active 2) (2 cores per cpu, 1 threads per core) family 6 model 23 stepping 10 microcode 0xa0c, cmov, cx8, fxsr, mmx, sse, sse2, sse3, ssse3, tsc

Memory: 4k page, system-wide physical 4061M (422M free)
TotalPageFile size 6109M (AvailPageFile size 19M)
current process WorkingSet (physical memory assigned to process): 176M, peak: 176M
current process commit charge ("private bytes"): 215M, peak: 231M

vm_info: Java HotSpot(TM) 64-Bit Server VM (11.0.12+8-LTS-237) for windows-amd64 JRE (11.0.12+8-LTS-237), built on Jun  8 2021 11:25:59 by "mach5one" with MS VC++ 15.9 (VS2017)

END.
